[debug] [2021-12-09T19:37:07.625Z] ----------------------------------------------------------------------
[debug] [2021-12-09T19:37:07.636Z] Command:       C:\Program Files\nodejs\node.exe C:\Users\hussain babatunde\AppData\Roaming\npm\node_modules\firebase-tools\lib\bin\firebase.js init
[debug] [2021-12-09T19:37:07.638Z] CLI Version:   9.23.0
[debug] [2021-12-09T19:37:07.638Z] Platform:      win32
[debug] [2021-12-09T19:37:07.639Z] Node Version:  v16.13.0
[debug] [2021-12-09T19:37:07.643Z] Time:          Thu Dec 09 2021 11:37:07 GMT-0800 (Pacific Standard Time)
[debug] [2021-12-09T19:37:07.644Z] ----------------------------------------------------------------------
[debug] 
[debug] [2021-12-09T19:37:07.686Z] > command requires scopes: ["email","openid","https://www.googleapis.com/auth/cloudplatformprojects.readonly","https://www.googleapis.com/auth/firebase","https://www.googleapis.com/auth/cloud-platform"]
[debug] [2021-12-09T19:37:07.688Z] > authorizing via signed-in user (tudemine@gmail.com)
[info] 
     ######## #### ########  ######## ########     ###     ######  ########
     ##        ##  ##     ## ##       ##     ##  ##   ##  ##       ##
     ######    ##  ########  ######   ########  #########  ######  ######
     ##        ##  ##    ##  ##       ##     ## ##     ##       ## ##
     ##       #### ##     ## ######## ########  ##     ##  ######  ########

You're about to initialize a Firebase project in this directory:

  C:\Users\hussain babatunde\desktop\fednew\ecommerce

[info] 
=== Project Setup
[info] 
[info] First, let's associate this project directory with a Firebase project.
[info] You can create multiple project aliases by running firebase use --add, 
[info] but for now we'll just set up a default project.
[info] 
[debug] [2021-12-09T19:38:31.781Z] >>> [apiv2][query] GET https://firebase.googleapis.com/v1beta1/projects pageSize=100
[debug] [2021-12-09T19:38:32.958Z] <<< [apiv2][status] GET https://firebase.googleapis.com/v1beta1/projects 200
[debug] [2021-12-09T19:38:32.959Z] <<< [apiv2][body] GET https://firebase.googleapis.com/v1beta1/projects [omitted]
